  [1m[36m (244.6ms)[0m  [1mCREATE TABLE `schema_migrations` (`version` varchar(255) NOT NULL) ENGINE=InnoDB[0m
  [1m[35m (317.0ms)[0m  CREATE UNIQUE INDEX `unique_schema_migrations`  ON `schema_migrations` (`version`) 
  [1m[36mActiveRecord::SchemaMigration Load (0.4ms)[0m  [1mSELECT `schema_migrations`.* FROM `schema_migrations`[0m
Migrating to CreateUsers (20141219085754)
  [1m[35m (139.2ms)[0m  CREATE TABLE `users` (`id` int(11) auto_increment PRIMARY KEY, `login` varchar(255), `password` varchar(255), `created_at` datetime, `updated_at` datetime) ENGINE=InnoDB
  [1m[36m (0.2ms)[0m  [1mBEGIN[0m
  [1m[35mSQL (0.7ms)[0m  INSERT INTO `schema_migrations` (`version`) VALUES ('20141219085754')
  [1m[36m (37.1ms)[0m  [1mCOMMIT[0m
  [1m[35mActiveRecord::SchemaMigration Load (0.5ms)[0m  SELECT `schema_migrations`.* FROM `schema_migrations`
  [1m[36mActiveRecord::SchemaMigration Load (0.3ms)[0m  [1mSELECT `schema_migrations`.* FROM `schema_migrations`[0m
Migrating to CreateMovies (20141219092719)
  [1m[35m (125.3ms)[0m  CREATE TABLE `movies` (`id` int(11) auto_increment PRIMARY KEY, `name` varchar(255), `description` varchar(255), `created_at` datetime, `updated_at` datetime) ENGINE=InnoDB
  [1m[36m (0.2ms)[0m  [1mBEGIN[0m
  [1m[35mSQL (0.7ms)[0m  INSERT INTO `schema_migrations` (`version`) VALUES ('20141219092719')
  [1m[36m (38.4ms)[0m  [1mCOMMIT[0m
Migrating to CreateUserMovies (20141219092825)
  [1m[35m (109.5ms)[0m  CREATE TABLE `user_movies` (`id` int(11) auto_increment PRIMARY KEY, `user_id` int(11), `movie_id` int(11), `view` tinyint(1), `created_at` datetime, `updated_at` datetime) ENGINE=InnoDB
  [1m[36m (0.3ms)[0m  [1mBEGIN[0m
  [1m[35mSQL (0.8ms)[0m  INSERT INTO `schema_migrations` (`version`) VALUES ('20141219092825')
  [1m[36m (29.5ms)[0m  [1mCOMMIT[0m
  [1m[35mActiveRecord::SchemaMigration Load (0.5ms)[0m  SELECT `schema_migrations`.* FROM `schema_migrations`
